22:57:12 - main - INFO - <module>: 28 - Bot is initialize
22:57:12 - main - INFO - <module>: 38 - economyPathDataBase.pkl is open
22:57:12 - main - INFO - <module>: 345 - Economy bot is runing
22:57:12 - client - INFO - login: 513 - logging in using static token
22:57:13 - gateway - INFO - identify: 437 - Shard ID None has sent the IDENTIFY payload.
22:57:13 - gateway - INFO - received_message: 531 - Shard ID None has connected to Gateway: ["gateway-prd-us-east1-c-ct3m",{"micros":106262,"calls":["id_created",{"micros":1668,"calls":[]},"session_lookup_time",{"micros":3317,"calls":[]},"session_lookup_finished",{"micros":25,"calls":[]},"discord-sessions-prd-2-161",{"micros":99771,"calls":["start_session",{"micros":67909,"calls":["discord-api-9f7995858-6l9wr",{"micros":58978,"calls":["get_user",{"micros":7649},"get_guilds",{"micros":14268},"send_scheduled_deletion_message",{"micros":16},"guild_join_requests",{"micros":3},"authorized_ip_coro",{"micros":11}]}]},"starting_guild_connect",{"micros":81,"calls":[]},"presence_started",{"micros":354,"calls":[]},"guilds_started",{"micros":109,"calls":[]},"guilds_connect",{"micros":2,"calls":[]},"presence_connect",{"micros":31264,"calls":[]},"connect_finished",{"micros":31271,"calls":[]},"build_ready",{"micros":19,"calls":[]},"clean_ready",{"micros":0,"calls":[]},"optimize_ready",{"micros":26,"calls":[]},"split_ready",{"micros":0,"calls":[]}]}]}] (Session ID: edb2f977623c7c8ed2569f2631791bd4).
22:57:15 - main - INFO - on_ready: 331 - Economy bot is ready to work...
22:57:28 - main - INFO - check_category: 137 - okarukava#0вызвал комманду -check_category-
22:57:28 - main - INFO - check_category: 155 - Доступны следующие категории [{'Долг': [{'key': 'dolg'}, {'path': [{'Долг': 'C:\\Users\\Okarukava\\Desktop\\Bot for My Legend\\testing\\dolg_price.json'}, {'Долг+': 'C:\\Users\\Okarukava\\Desktop\\Bot for My Legend\\testing\\dolg_price+.json'}]}]}, {'Свобода': [{'key': 'svoboda'}, {'path': []}]}]
22:57:55 - main - INFO - update_economy: 273 - okarukava#0вызвал комманду -update_economy-
22:57:55 - main - INFO - update_economy: 279 - Назначен путь для замены данных: C:\Users\Okarukava\Desktop\Bot for My Legend\testing\price_list.json
22:57:55 - main - INFO - update_economy: 287 - Назначен путь с данными для замены: C:\Users\Okarukava\Desktop\Bot for My Legend\testing\dolg_price.json
22:57:55 - main - INFO - update_economy: 292 - Открыт файл: C:\Users\Okarukava\Desktop\Bot for My Legend\testing\price_list.json
22:57:55 - main - INFO - update_economy: 295 - Открыт файл: C:\Users\Okarukava\Desktop\Bot for My Legend\testing\dolg_price.json
22:57:55 - main - INFO - update_economy: 310 - В настройках варианта Долг присутствует неправильная категория -пошел нахуй-
22:57:55 - main - INFO - update_economy: 315 - Данные по следующему пути заменены и загружены: C:\Users\Okarukava\Desktop\Bot for My Legend\testing\price_list.json
22:57:55 - main - INFO - update_economy: 316 - Данные для категории Долг были изменены в соответствии с настройками варианта Долг
22:58:44 - main - INFO - add_variand_and_path: 115 - okarukava#0вызвал комманду -add_variand_and_path-
22:58:44 - main - INFO - add_variand_and_path: 126 - В категорию Свобода добавлен вариант Свобода расположенный по пути C:\Users\Okarukava\Desktop\Bot for My Legend\testing\svoboda_price.json
22:58:49 - main - INFO - check_category: 137 - okarukava#0вызвал комманду -check_category-
22:58:49 - main - INFO - check_category: 155 - Доступны следующие категории [{'Долг': [{'key': 'dolg'}, {'path': [{'Долг': 'C:\\Users\\Okarukava\\Desktop\\Bot for My Legend\\testing\\dolg_price.json'}, {'Долг+': 'C:\\Users\\Okarukava\\Desktop\\Bot for My Legend\\testing\\dolg_price+.json'}]}]}, {'Свобода': [{'key': 'svoboda'}, {'path': [{'Свобода': 'C:\\Users\\Okarukava\\Desktop\\Bot for My Legend\\testing\\svoboda_price.json'}]}]}]
22:59:04 - main - INFO - update_economy: 273 - okarukava#0вызвал комманду -update_economy-
22:59:04 - main - INFO - update_economy: 279 - Назначен путь для замены данных: C:\Users\Okarukava\Desktop\Bot for My Legend\testing\price_list.json
22:59:04 - main - INFO - update_economy: 287 - Назначен путь с данными для замены: C:\Users\Okarukava\Desktop\Bot for My Legend\testing\svoboda_price.json
22:59:04 - main - INFO - update_economy: 292 - Открыт файл: C:\Users\Okarukava\Desktop\Bot for My Legend\testing\price_list.json
22:59:04 - main - INFO - update_economy: 295 - Открыт файл: C:\Users\Okarukava\Desktop\Bot for My Legend\testing\svoboda_price.json
22:59:04 - main - INFO - update_economy: 315 - Данные по следующему пути заменены и загружены: C:\Users\Okarukava\Desktop\Bot for My Legend\testing\price_list.json
22:59:04 - main - INFO - update_economy: 316 - Данные для категории Свобода были изменены в соответствии с настройками варианта Свобода
22:59:18 - client - INFO - run: 709 - Received signal to terminate bot and event loop.
22:59:18 - client - INFO - run: 712 - Cleaning up tasks.
22:59:18 - client - INFO - _cancel_tasks: 87 - Cleaning up after 1 tasks.
22:59:18 - client - INFO - _cancel_tasks: 92 - All tasks finished cancelling.
22:59:18 - client - INFO - _cleanup_loop: 112 - Closing the event loop.
22:59:18 - main - INFO - <module>: 348 - Economy bot deactivated...
